Name                                                 Stmts   Miss Branch BrPart  Cover   Missing
------------------------------------------------------------------------------------------------
src/localization/localization/localization_node.py     140      7     16      4    93%   150->154, 151->150, 155, 266-270, 274
------------------------------------------------------------------------------------------------
TOTAL                                                  140      7     16      4    93%
